c:\users\info\documents\visual studio 2015\projects\p03c\p03c\debug\vc140.pdb
c:\users\info\documents\visual studio 2015\projects\p03c\p03c\debug\vc140.idb
c:\users\info\documents\visual studio 2015\projects\p03c\p03c\debug\cdampflok.obj
c:\users\info\documents\visual studio 2015\projects\p03c\p03c\debug\cdiesellok.obj
c:\users\info\documents\visual studio 2015\projects\p03c\p03c\debug\celektrolok.obj
c:\users\info\documents\visual studio 2015\projects\p03c\p03c\debug\cgueterwagen.obj
c:\users\info\documents\visual studio 2015\projects\p03c\p03c\debug\clokomotive.obj
c:\users\info\documents\visual studio 2015\projects\p03c\p03c\debug\cpersonenwagen.obj
c:\users\info\documents\visual studio 2015\projects\p03c\p03c\debug\cschienenfahrzeug.obj
c:\users\info\documents\visual studio 2015\projects\p03c\p03c\debug\cwaggon.obj
c:\users\info\documents\visual studio 2015\projects\p03c\p03c\debug\p03c.obj
c:\users\info\documents\visual studio 2015\projects\p03c\debug\p03c.ilk
c:\users\info\documents\visual studio 2015\projects\p03c\debug\p03c.exe
c:\users\info\documents\visual studio 2015\projects\p03c\debug\p03c.pdb
c:\users\info\documents\visual studio 2015\projects\p03c\p03c\debug\p03c.tlog\cl.command.1.tlog
c:\users\info\documents\visual studio 2015\projects\p03c\p03c\debug\p03c.tlog\cl.read.1.tlog
c:\users\info\documents\visual studio 2015\projects\p03c\p03c\debug\p03c.tlog\cl.write.1.tlog
c:\users\info\documents\visual studio 2015\projects\p03c\p03c\debug\p03c.tlog\link.command.1.tlog
c:\users\info\documents\visual studio 2015\projects\p03c\p03c\debug\p03c.tlog\link.read.1.tlog
c:\users\info\documents\visual studio 2015\projects\p03c\p03c\debug\p03c.tlog\link.write.1.tlog
